This is pdfTeX, Version 3.14159265-2.6-1.40.15 (MiKTeX 2.9 64-bit) (preloaded format=pdflatex 2017.7.20)  8 OCT 2017 11:13
entering extended mode
**report.tex
(report.tex
LaTeX2e <2014/05/01>
Babel <3.9l> and hyphenation patterns for 68 languages loaded.
("C:\Program Files\MiKTeX 2.9\tex\latex\base\book.cls"
Document Class: book 2014/09/29 v1.4h Standard LaTeX document class
("C:\Program Files\MiKTeX 2.9\tex\latex\base\bk12.clo"
File: bk12.clo 2014/09/29 v1.4h Standard LaTeX file (size option)
)
\c@part=\count79
\c@chapter=\count80
\c@section=\count81
\c@subsection=\count82
\c@subsubsection=\count83
\c@paragraph=\count84
\c@subparagraph=\count85
\c@figure=\count86
\c@table=\count87
\abovecaptionskip=\skip41
\belowcaptionskip=\skip42
\bibindent=\dimen102
)
("C:\Program Files\MiKTeX 2.9\tex\latex\base\inputenc.sty"
Package: inputenc 2014/04/30 v1.2b Input encoding file
\inpenc@prehook=\toks14
\inpenc@posthook=\toks15

("C:\Program Files\MiKTeX 2.9\tex\latex\base\utf8.def"
File: utf8.def 2014/09/29 v1.1m UTF-8 support for inputenc
Now handling font encoding OML ...
... no UTF-8 mapping file for font encoding OML
Now handling font encoding T1 ...
... processing UTF-8 mapping file for font encoding T1

("C:\Program Files\MiKTeX 2.9\tex\latex\base\t1enc.dfu"
File: t1enc.dfu 2014/09/29 v1.1m UTF-8 support for inputenc
   defining Unicode char U+00A1 (decimal 161)
   defining Unicode char U+00A3 (decimal 163)
   defining Unicode char U+00AB (decimal 171)
   defining Unicode char U+00BB (decimal 187)
   defining Unicode char U+00BF (decimal 191)
   defining Unicode char U+00C0 (decimal 192)
   defining Unicode char U+00C1 (decimal 193)
   defining Unicode char U+00C2 (decimal 194)
   defining Unicode char U+00C3 (decimal 195)
   defining Unicode char U+00C4 (decimal 196)
   defining Unicode char U+00C5 (decimal 197)
   defining Unicode char U+00C6 (decimal 198)
   defining Unicode char U+00C7 (decimal 199)
   defining Unicode char U+00C8 (decimal 200)
   defining Unicode char U+00C9 (decimal 201)
   defining Unicode char U+00CA (decimal 202)
   defining Unicode char U+00CB (decimal 203)
   defining Unicode char U+00CC (decimal 204)
   defining Unicode char U+00CD (decimal 205)
   defining Unicode char U+00CE (decimal 206)
   defining Unicode char U+00CF (decimal 207)
   defining Unicode char U+00D0 (decimal 208)
   defining Unicode char U+00D1 (decimal 209)
   defining Unicode char U+00D2 (decimal 210)
   defining Unicode char U+00D3 (decimal 211)
   defining Unicode char U+00D4 (decimal 212)
   defining Unicode char U+00D5 (decimal 213)
   defining Unicode char U+00D6 (decimal 214)
   defining Unicode char U+00D8 (decimal 216)
   defining Unicode char U+00D9 (decimal 217)
   defining Unicode char U+00DA (decimal 218)
   defining Unicode char U+00DB (decimal 219)
   defining Unicode char U+00DC (decimal 220)
   defining Unicode char U+00DD (decimal 221)
   defining Unicode char U+00DE (decimal 222)
   defining Unicode char U+00DF (decimal 223)
   defining Unicode char U+00E0 (decimal 224)
   defining Unicode char U+00E1 (decimal 225)
   defining Unicode char U+00E2 (decimal 226)
   defining Unicode char U+00E3 (decimal 227)
   defining Unicode char U+00E4 (decimal 228)
   defining Unicode char U+00E5 (decimal 229)
   defining Unicode char U+00E6 (decimal 230)
   defining Unicode char U+00E7 (decimal 231)
   defining Unicode char U+00E8 (decimal 232)
   defining Unicode char U+00E9 (decimal 233)
   defining Unicode char U+00EA (decimal 234)
   defining Unicode char U+00EB (decimal 235)
   defining Unicode char U+00EC (decimal 236)
   defining Unicode char U+00ED (decimal 237)
   defining Unicode char U+00EE (decimal 238)
   defining Unicode char U+00EF (decimal 239)
   defining Unicode char U+00F0 (decimal 240)
   defining Unicode char U+00F1 (decimal 241)
   defining Unicode char U+00F2 (decimal 242)
   defining Unicode char U+00F3 (decimal 243)
   defining Unicode char U+00F4 (decimal 244)
   defining Unicode char U+00F5 (decimal 245)
   defining Unicode char U+00F6 (decimal 246)
   defining Unicode char U+00F8 (decimal 248)
   defining Unicode char U+00F9 (decimal 249)
   defining Unicode char U+00FA (decimal 250)
   defining Unicode char U+00FB (decimal 251)
   defining Unicode char U+00FC (decimal 252)
   defining Unicode char U+00FD (decimal 253)
   defining Unicode char U+00FE (decimal 254)
   defining Unicode char U+00FF (decimal 255)
   defining Unicode char U+0102 (decimal 258)
   defining Unicode char U+0103 (decimal 259)
   defining Unicode char U+0104 (decimal 260)
   defining Unicode char U+0105 (decimal 261)
   defining Unicode char U+0106 (decimal 262)
   defining Unicode char U+0107 (decimal 263)
   defining Unicode char U+010C (decimal 268)
   defining Unicode char U+010D (decimal 269)
   defining Unicode char U+010E (decimal 270)
   defining Unicode char U+010F (decimal 271)
   defining Unicode char U+0110 (decimal 272)
   defining Unicode char U+0111 (decimal 273)
   defining Unicode char U+0118 (decimal 280)
   defining Unicode char U+0119 (decimal 281)
   defining Unicode char U+011A (decimal 282)
   defining Unicode char U+011B (decimal 283)
   defining Unicode char U+011E (decimal 286)
   defining Unicode char U+011F (decimal 287)
   defining Unicode char U+0130 (decimal 304)
   defining Unicode char U+0131 (decimal 305)
   defining Unicode char U+0132 (decimal 306)
   defining Unicode char U+0133 (decimal 307)
   defining Unicode char U+0139 (decimal 313)
   defining Unicode char U+013A (decimal 314)
   defining Unicode char U+013D (decimal 317)
   defining Unicode char U+013E (decimal 318)
   defining Unicode char U+0141 (decimal 321)
   defining Unicode char U+0142 (decimal 322)
   defining Unicode char U+0143 (decimal 323)
   defining Unicode char U+0144 (decimal 324)
   defining Unicode char U+0147 (decimal 327)
   defining Unicode char U+0148 (decimal 328)
   defining Unicode char U+014A (decimal 330)
   defining Unicode char U+014B (decimal 331)
   defining Unicode char U+0150 (decimal 336)
   defining Unicode char U+0151 (decimal 337)
   defining Unicode char U+0152 (decimal 338)
   defining Unicode char U+0153 (decimal 339)
   defining Unicode char U+0154 (decimal 340)
   defining Unicode char U+0155 (decimal 341)
   defining Unicode char U+0158 (decimal 344)
   defining Unicode char U+0159 (decimal 345)
   defining Unicode char U+015A (decimal 346)
   defining Unicode char U+015B (decimal 347)
   defining Unicode char U+015E (decimal 350)
   defining Unicode char U+015F (decimal 351)
   defining Unicode char U+0160 (decimal 352)
   defining Unicode char U+0161 (decimal 353)
   defining Unicode char U+0162 (decimal 354)
   defining Unicode char U+0163 (decimal 355)
   defining Unicode char U+0164 (decimal 356)
   defining Unicode char U+0165 (decimal 357)
   defining Unicode char U+016E (decimal 366)
   defining Unicode char U+016F (decimal 367)
   defining Unicode char U+0170 (decimal 368)
   defining Unicode char U+0171 (decimal 369)
   defining Unicode char U+0178 (decimal 376)
   defining Unicode char U+0179 (decimal 377)
   defining Unicode char U+017A (decimal 378)
   defining Unicode char U+017B (decimal 379)
   defining Unicode char U+017C (decimal 380)
   defining Unicode char U+017D (decimal 381)
   defining Unicode char U+017E (decimal 382)
   defining Unicode char U+200C (decimal 8204)
   defining Unicode char U+2013 (decimal 8211)
   defining Unicode char U+2014 (decimal 8212)
   defining Unicode char U+2018 (decimal 8216)
   defining Unicode char U+2019 (decimal 8217)
   defining Unicode char U+201A (decimal 8218)
   defining Unicode char U+201C (decimal 8220)
   defining Unicode char U+201D (decimal 8221)
   defining Unicode char U+201E (decimal 8222)
   defining Unicode char U+2030 (decimal 8240)
   defining Unicode char U+2031 (decimal 8241)
   defining Unicode char U+2039 (decimal 8249)
   defining Unicode char U+203A (decimal 8250)
   defining Unicode char U+2423 (decimal 9251)
)
Now handling font encoding OT1 ...
... processing UTF-8 mapping file for font encoding OT1

("C:\Program Files\MiKTeX 2.9\tex\latex\base\ot1enc.dfu"
File: ot1enc.dfu 2014/09/29 v1.1m UTF-8 support for inputenc
   defining Unicode char U+00A1 (decimal 161)
   defining Unicode char U+00A3 (decimal 163)
   defining Unicode char U+00B8 (decimal 184)
   defining Unicode char U+00BF (decimal 191)
   defining Unicode char U+00C5 (decimal 197)
   defining Unicode char U+00C6 (decimal 198)
   defining Unicode char U+00D8 (decimal 216)
   defining Unicode char U+00DF (decimal 223)
   defining Unicode char U+00E6 (decimal 230)
   defining Unicode char U+00EC (decimal 236)
   defining Unicode char U+00ED (decimal 237)
   defining Unicode char U+00EE (decimal 238)
   defining Unicode char U+00EF (decimal 239)
   defining Unicode char U+00F8 (decimal 248)
   defining Unicode char U+0131 (decimal 305)
   defining Unicode char U+0141 (decimal 321)
   defining Unicode char U+0142 (decimal 322)
   defining Unicode char U+0152 (decimal 338)
   defining Unicode char U+0153 (decimal 339)
   defining Unicode char U+2013 (decimal 8211)
   defining Unicode char U+2014 (decimal 8212)
   defining Unicode char U+2018 (decimal 8216)
   defining Unicode char U+2019 (decimal 8217)
   defining Unicode char U+201C (decimal 8220)
   defining Unicode char U+201D (decimal 8221)
)
Now handling font encoding OMS ...
... processing UTF-8 mapping file for font encoding OMS

("C:\Program Files\MiKTeX 2.9\tex\latex\base\omsenc.dfu"
File: omsenc.dfu 2014/09/29 v1.1m UTF-8 support for inputenc
   defining Unicode char U+00A7 (decimal 167)
   defining Unicode char U+00B6 (decimal 182)
   defining Unicode char U+00B7 (decimal 183)
   defining Unicode char U+2020 (decimal 8224)
   defining Unicode char U+2021 (decimal 8225)
   defining Unicode char U+2022 (decimal 8226)
)
Now handling font encoding OMX ...
... no UTF-8 mapping file for font encoding OMX
Now handling font encoding U ...
... no UTF-8 mapping file for font encoding U
   defining Unicode char U+00A9 (decimal 169)
   defining Unicode char U+00AA (decimal 170)
   defining Unicode char U+00AE (decimal 174)
   defining Unicode char U+00BA (decimal 186)
   defining Unicode char U+02C6 (decimal 710)
   defining Unicode char U+02DC (decimal 732)
   defining Unicode char U+200C (decimal 8204)
   defining Unicode char U+2026 (decimal 8230)
   defining Unicode char U+2122 (decimal 8482)
   defining Unicode char U+2423 (decimal 9251)
))
("C:\Program Files\MiKTeX 2.9\tex\latex\base\fontenc.sty"
Package: fontenc 2005/09/27 v1.99g Standard LaTeX package

("C:\Program Files\MiKTeX 2.9\tex\latex\base\t1enc.def"
File: t1enc.def 2005/09/27 v1.99g Standard LaTeX file
LaTeX Font Info:    Redeclaring font encoding T1 on input line 43.
))
("C:\Program Files\MiKTeX 2.9\tex\latex\graphics\graphicx.sty"
Package: graphicx 2014/10/28 v1.0g Enhanced LaTeX Graphics (DPC,SPQR)

("C:\Program Files\MiKTeX 2.9\tex\latex\graphics\keyval.sty"
Package: keyval 2014/10/28 v1.15 key=value parser (DPC)
\KV@toks@=\toks16
)
("C:\Program Files\MiKTeX 2.9\tex\latex\graphics\graphics.sty"
Package: graphics 2014/10/28 v1.0p Standard LaTeX Graphics (DPC,SPQR)

("C:\Program Files\MiKTeX 2.9\tex\latex\graphics\trig.sty"
Package: trig 1999/03/16 v1.09 sin cos tan (DPC)
)
("C:\Program Files\MiKTeX 2.9\tex\latex\00miktex\graphics.cfg"
File: graphics.cfg 2007/01/18 v1.5 graphics configuration of teTeX/TeXLive
)
Package graphics Info: Driver file: pdftex.def on input line 91.

("C:\Program Files\MiKTeX 2.9\tex\latex\pdftex-def\pdftex.def"
File: pdftex.def 2011/05/27 v0.06d Graphics/color for pdfTeX

("C:\Program Files\MiKTeX 2.9\tex\generic\oberdiek\infwarerr.sty"
Package: infwarerr 2010/04/08 v1.3 Providing info/warning/error messages (HO)
)
("C:\Program Files\MiKTeX 2.9\tex\generic\oberdiek\ltxcmds.sty"
Package: ltxcmds 2011/11/09 v1.22 LaTeX kernel commands for general use (HO)
)
\Gread@gobject=\count88
))
\Gin@req@height=\dimen103
\Gin@req@width=\dimen104
)
("C:\Program Files\MiKTeX 2.9\tex\latex\tools\indentfirst.sty"
Package: indentfirst 1995/11/23 v1.03 Indent first paragraph (DPC)
)
("C:\Program Files\MiKTeX 2.9\tex\latex\geometry\geometry.sty"
Package: geometry 2010/09/12 v5.6 Page Geometry

("C:\Program Files\MiKTeX 2.9\tex\generic\oberdiek\ifpdf.sty"
Package: ifpdf 2011/01/30 v2.3 Provides the ifpdf switch (HO)
Package ifpdf Info: pdfTeX in PDF mode is detected.
)
("C:\Program Files\MiKTeX 2.9\tex\generic\oberdiek\ifvtex.sty"
Package: ifvtex 2010/03/01 v1.5 Detect VTeX and its facilities (HO)
Package ifvtex Info: VTeX not detected.
)
("C:\Program Files\MiKTeX 2.9\tex\generic\ifxetex\ifxetex.sty"
Package: ifxetex 2010/09/12 v0.6 Provides ifxetex conditional
)
\Gm@cnth=\count89
\Gm@cntv=\count90
\c@Gm@tempcnt=\count91
\Gm@bindingoffset=\dimen105
\Gm@wd@mp=\dimen106
\Gm@odd@mp=\dimen107
\Gm@even@mp=\dimen108
\Gm@layoutwidth=\dimen109
\Gm@layoutheight=\dimen110
\Gm@layouthoffset=\dimen111
\Gm@layoutvoffset=\dimen112
\Gm@dimlist=\toks17

("C:\Program Files\MiKTeX 2.9\tex\latex\geometry\geometry.cfg"))
("C:\Program Files\MiKTeX 2.9\tex\latex\comment\comment.sty"
\CommentStream=\write3

Excluding comment 'comment')
("C:\Program Files\MiKTeX 2.9\tex\latex\amsmath\amsmath.sty"
Package: amsmath 2013/01/14 v2.14 AMS math features
\@mathmargin=\skip43

For additional information on amsmath, use the `?' option.
("C:\Program Files\MiKTeX 2.9\tex\latex\amsmath\amstext.sty"
Package: amstext 2000/06/29 v2.01

("C:\Program Files\MiKTeX 2.9\tex\latex\amsmath\amsgen.sty"
File: amsgen.sty 1999/11/30 v2.0
\@emptytoks=\toks18
\ex@=\dimen113
))
("C:\Program Files\MiKTeX 2.9\tex\latex\amsmath\amsbsy.sty"
Package: amsbsy 1999/11/29 v1.2d
\pmbraise@=\dimen114
)
("C:\Program Files\MiKTeX 2.9\tex\latex\amsmath\amsopn.sty"
Package: amsopn 1999/12/14 v2.01 operator names
)
\inf@bad=\count92
LaTeX Info: Redefining \frac on input line 210.
\uproot@=\count93
\leftroot@=\count94
LaTeX Info: Redefining \overline on input line 306.
\classnum@=\count95
\DOTSCASE@=\count96
LaTeX Info: Redefining \ldots on input line 378.
LaTeX Info: Redefining \dots on input line 381.
LaTeX Info: Redefining \cdots on input line 466.
\Mathstrutbox@=\box26
\strutbox@=\box27
\big@size=\dimen115
LaTeX Font Info:    Redeclaring font encoding OML on input line 566.
LaTeX Font Info:    Redeclaring font encoding OMS on input line 567.
\macc@depth=\count97
\c@MaxMatrixCols=\count98
\dotsspace@=\muskip10
\c@parentequation=\count99
\dspbrk@lvl=\count100
\tag@help=\toks19
\row@=\count101
\column@=\count102
\maxfields@=\count103
\andhelp@=\toks20
\eqnshift@=\dimen116
\alignsep@=\dimen117
\tagshift@=\dimen118
\tagwidth@=\dimen119
\totwidth@=\dimen120
\lineht@=\dimen121
\@envbody=\toks21
\multlinegap=\skip44
\multlinetaggap=\skip45
\mathdisplay@stack=\toks22
LaTeX Info: Redefining \[ on input line 2665.
LaTeX Info: Redefining \] on input line 2666.
)
("C:\Program Files\MiKTeX 2.9\tex\latex\amsfonts\amsfonts.sty"
Package: amsfonts 2013/01/14 v3.01 Basic AMSFonts support
\symAMSa=\mathgroup4
\symAMSb=\mathgroup5
LaTeX Font Info:    Overwriting math alphabet `\mathfrak' in version `bold'
(Font)                  U/euf/m/n --> U/euf/b/n on input line 106.
)
("C:\Program Files\MiKTeX 2.9\tex\latex\graphics\color.sty"
Package: color 2014/10/28 v1.1a Standard LaTeX Color (DPC)

("C:\Program Files\MiKTeX 2.9\tex\latex\00miktex\color.cfg"
File: color.cfg 2007/01/18 v1.5 color configuration of teTeX/TeXLive
)
Package color Info: Driver file: pdftex.def on input line 137.
)
("C:\Program Files\MiKTeX 2.9\tex\latex\amscls\amsthm.sty"
Package: amsthm 2009/07/02 v2.20.1
\thm@style=\toks23
\thm@bodyfont=\toks24
\thm@headfont=\toks25
\thm@notefont=\toks26
\thm@headpunct=\toks27
\thm@preskip=\skip46
\thm@postskip=\skip47
\thm@headsep=\skip48
\dth@everypar=\toks28
)
("C:\Program Files\MiKTeX 2.9\tex\latex\multirow\multirow.sty"
\bigstrutjot=\dimen122
)
("C:\Program Files\MiKTeX 2.9\tex\latex\caption\caption.sty"
Package: caption 2013/05/02 v3.3-89 Customizing captions (AR)

("C:\Program Files\MiKTeX 2.9\tex\latex\caption\caption3.sty"
Package: caption3 2013/05/02 v1.6-88 caption3 kernel (AR)
Package caption3 Info: TeX engine: e-TeX on input line 57.
\captionmargin=\dimen123
\captionmargin@=\dimen124
\captionwidth=\dimen125
\caption@tempdima=\dimen126
\caption@indent=\dimen127
\caption@parindent=\dimen128
\caption@hangindent=\dimen129
)
\c@ContinuedFloat=\count104
)
("C:\Program Files\MiKTeX 2.9\tex\latex\tools\tabularx.sty"
Package: tabularx 2014/10/28 v2.10 `tabularx' package (DPC)

("C:\Program Files\MiKTeX 2.9\tex\latex\tools\array.sty"
Package: array 2014/10/28 v2.4c Tabular extension package (FMi)
\col@sep=\dimen130
\extrarowheight=\dimen131
\NC@list=\toks29
\extratabsurround=\skip49
\backup@length=\skip50
)
\TX@col@width=\dimen132
\TX@old@table=\dimen133
\TX@old@col=\dimen134
\TX@target=\dimen135
\TX@delta=\dimen136
\TX@cols=\count105
\TX@ftn=\toks30
)
("C:\Program Files\MiKTeX 2.9\tex\latex\base\makeidx.sty"
Package: makeidx 2014/09/29 v1.0m Standard LaTeX package
)
\@indexfile=\write4

Writing index file report.idx
(report.aux (Title.aux) (Signature.aux) (Acknowledgements.aux) (Abstract.aux)
(Introduction.aux) (StateOfTheArt.aux) (Contribution.aux) (Results.aux)
(Conclusion.aux))
LaTeX Font Info:    Checking defaults for OML/cmm/m/it on input line 35.
LaTeX Font Info:    ... okay on input line 35.
LaTeX Font Info:    Checking defaults for T1/cmr/m/n on input line 35.
LaTeX Font Info:    ... okay on input line 35.
LaTeX Font Info:    Checking defaults for OT1/cmr/m/n on input line 35.
LaTeX Font Info:    ... okay on input line 35.
LaTeX Font Info:    Checking defaults for OMS/cmsy/m/n on input line 35.
LaTeX Font Info:    ... okay on input line 35.
LaTeX Font Info:    Checking defaults for OMX/cmex/m/n on input line 35.
LaTeX Font Info:    ... okay on input line 35.
LaTeX Font Info:    Checking defaults for U/cmr/m/n on input line 35.
LaTeX Font Info:    ... okay on input line 35.
 ("C:\Program Files\MiKTeX 2.9\tex\context\base\supp-pdf.mkii"
[Loading MPS to PDF converter (version 2006.09.02).]
\scratchcounter=\count106
\scratchdimen=\dimen137
\scratchbox=\box28
\nofMPsegments=\count107
\nofMParguments=\count108
\everyMPshowfont=\toks31
\MPscratchCnt=\count109
\MPscratchDim=\dimen138
\MPnumerator=\count110
\makeMPintoPDFobject=\count111
\everyMPtoPDFconversion=\toks32
)
*geometry* driver: auto-detecting
*geometry* detected driver: pdftex
*geometry* verbose mode - [ preamble ] result:
* driver: pdftex
* paper: a4paper
* layout: <same size as paper>
* layoutoffset:(h,v)=(0.0pt,0.0pt)
* modes: twoside 
* h-part:(L,W,R)=(85.35826pt, 426.79135pt, 85.35826pt)
* v-part:(T,H,B)=(71.13188pt, 688.5567pt, 85.35826pt)
* \paperwidth=597.50787pt
* \paperheight=845.04684pt
* \textwidth=426.79135pt
* \textheight=688.5567pt
* \oddsidemargin=13.08827pt
* \evensidemargin=13.08827pt
* \topmargin=-27.1381pt
* \headheight=12.0pt
* \headsep=14.0pt
* \topskip=12.0pt
* \footskip=30.0pt
* \marginparwidth=88.0pt
* \marginparsep=7.0pt
* \columnsep=10.0pt
* \skip\footins=10.8pt plus 4.0pt minus 2.0pt
* \hoffset=0.0pt
* \voffset=0.0pt
* \mag=1000
* \@twocolumnfalse
* \@twosidetrue
* \@mparswitchtrue
* \@reversemarginfalse
* (1in=72.27pt=25.4mm, 1cm=28.453pt)

Package caption Info: Begin \AtBeginDocument code.
Package caption Info: End \AtBeginDocument code.
(Title.tex <images/logo-1_39.png, id=1, 259.97125pt x 171.64125pt>
File: images/logo-1_39.png Graphic file (type png)

<use images/logo-1_39.png>
Package pdftex.def Info: images/logo-1_39.png used on input line 6.
(pdftex.def)             Requested size: 259.97061pt x 171.64081pt.
) [1


{C:/ProgramData/MiKTeX/2.9/pdftex/config/pdftex.map} <./images/logo-1_39.png>] 
(Signature.tex
Underfull \hbox (badness 10000) in paragraph at lines 13--14

 []


Underfull \hbox (badness 10000) in paragraph at lines 17--21

 []


Underfull \hbox (badness 10000) in paragraph at lines 17--21

 []


Underfull \hbox (badness 10000) in paragraph at lines 17--21

 []


Underfull \hbox (badness 10000) in paragraph at lines 17--21

 []


Underfull \hbox (badness 10000) in paragraph at lines 25--26

 []

) [2



] (Acknowledgements.tex) [1



] (Abstract.tex) [2



] (report.toc
LaTeX Font Info:    Try loading font information for U+msa on input line 2.

("C:\Program Files\MiKTeX 2.9\tex\latex\amsfonts\umsa.fd"
File: umsa.fd 2013/01/14 v3.01 AMS symbols A
)
LaTeX Font Info:    Try loading font information for U+msb on input line 2.

("C:\Program Files\MiKTeX 2.9\tex\latex\amsfonts\umsb.fd"
File: umsb.fd 2013/01/14 v3.01 AMS symbols B
))
\tf@toc=\write5
 [3


] (report.lof)
\tf@lof=\write6

[4

] (report.lot)
\tf@lot=\write7
 [5

] (Introduction.tex
Chapter 1.

Overfull \hbox (12.25006pt too wide) in paragraph at lines 17--18
\T1/cmr/m/n/12 ent re-search projects, namely SWARMS, ARCHIVES, GPU4SPACE and H
ealthOmics. 
 []

[1


] [2] <images/salt_pepper_origin.jpg, id=44, 407.15492pt x 407.15492pt>
File: images/salt_pepper_origin.jpg Graphic file (type jpg)

<use images/salt_pepper_origin.jpg>
Package pdftex.def Info: images/salt_pepper_origin.jpg used on input line 77.
(pdftex.def)             Requested size: 170.71393pt x 170.71811pt.

<images/salt_pepper_noise.jpg, id=45, 814.30986pt x 814.30986pt>
File: images/salt_pepper_noise.jpg Graphic file (type jpg)

<use images/salt_pepper_noise.jpg>
Package pdftex.def Info: images/salt_pepper_noise.jpg used on input line 78.
(pdftex.def)             Requested size: 170.71393pt x 170.7119pt.
 [3 <./images/salt_pepper_origin.jpg> <./images/salt_pepper_noise.jpg>]
File: images/salt_pepper_origin.jpg Graphic file (type jpg)
 <use images/salt_pepper_origin.jpg>
Package pdftex.def Info: images/salt_pepper_origin.jpg used on input line 94.
(pdftex.def)             Requested size: 170.71393pt x 170.71811pt.

<images/gaussian_noise.jpg, id=55, 641.26901pt x 640.25113pt>
File: images/gaussian_noise.jpg Graphic file (type jpg)

<use images/gaussian_noise.jpg>
Package pdftex.def Info: images/gaussian_noise.jpg used on input line 95.
(pdftex.def)             Requested size: 170.71393pt x 170.43752pt.
File: images/salt_pepper_origin.jpg Graphic file (type jpg)
 <use images/salt_pepper_origin.jpg>
Package pdftex.def Info: images/salt_pepper_origin.jpg used on input line 125.
(pdftex.def)             Requested size: 170.71393pt x 170.71811pt.

<images/quantization_noise.jpg, id=56, 406.64598pt x 407.15492pt>
File: images/quantization_noise.jpg Graphic file (type jpg)

<use images/quantization_noise.jpg>
Package pdftex.def Info: images/quantization_noise.jpg used on input line 126.
(pdftex.def)             Requested size: 170.71393pt x 170.92935pt.
File: images/salt_pepper_origin.jpg Graphic file (type jpg)
 <use images/salt_pepper_origin.jpg>
Package pdftex.def Info: images/salt_pepper_origin.jpg used on input line 138.
(pdftex.def)             Requested size: 170.71393pt x 170.71811pt.

<images/speckle_noise.jpg, id=57, 407.15492pt x 407.15492pt>
File: images/speckle_noise.jpg Graphic file (type jpg)

<use images/speckle_noise.jpg>
Package pdftex.def Info: images/speckle_noise.jpg used on input line 139.
(pdftex.def)             Requested size: 170.71393pt x 170.71811pt.
 [4 <./images/gaussian_noise.jpg>] [5 <./images/quantization_noise.jpg> <./imag
es/speckle_noise.jpg>]
LaTeX Font Info:    Try loading font information for OMS+cmr on input line 152.


("C:\Program Files\MiKTeX 2.9\tex\latex\base\omscmr.fd"
File: omscmr.fd 2014/09/29 v2.5h Standard LaTeX font definitions
)
LaTeX Font Info:    Font shape `OMS/cmr/m/n' in size <12> not available
(Font)              Font shape `OMS/cmsy/m/n' tried instead on input line 152.
) [6]
(StateOfTheArt.tex
Chapter 2.
[7



]) [8] (Contribution.tex
Chapter 3.
File: images/salt_pepper_noise.jpg Graphic file (type jpg)
<use images/salt_pepper_noise.jpg>
Package pdftex.def Info: images/salt_pepper_noise.jpg used on input line 51.
(pdftex.def)             Requested size: 170.71393pt x 170.7119pt.

<images/salt_pepper_median.jpg, id=76, 814.30986pt x 814.30986pt>
File: images/salt_pepper_median.jpg Graphic file (type jpg)

<use images/salt_pepper_median.jpg>
Package pdftex.def Info: images/salt_pepper_median.jpg used on input line 52.
(pdftex.def)             Requested size: 170.71393pt x 170.7119pt.

Underfull \vbox (badness 10000) has occurred while \output is active []

 [9



]
[10 <./images/salt_pepper_median.jpg>]
File: images/salt_pepper_noise.jpg Graphic file (type jpg)
 <use images/salt_pepper_noise.jpg>
Package pdftex.def Info: images/salt_pepper_noise.jpg used on input line 137.
(pdftex.def)             Requested size: 128.0387pt x 128.03082pt.

<images/salt_pepper_average_33.jpg, id=83, 407.15492pt x 407.15492pt>
File: images/salt_pepper_average_33.jpg Graphic file (type jpg)

<use images/salt_pepper_average_33.jpg>
Package pdftex.def Info: images/salt_pepper_average_33.jpg used on input line 1
38.
(pdftex.def)             Requested size: 128.0387pt x 128.03703pt.

<images/salt_pepper_average_55.jpg, id=84, 433.62pt x 431.58423pt>
File: images/salt_pepper_average_55.jpg Graphic file (type jpg)

<use images/salt_pepper_average_55.jpg>
Package pdftex.def Info: images/salt_pepper_average_55.jpg used on input line 1
39.
(pdftex.def)             Requested size: 128.0387pt x 127.43477pt.


LaTeX Warning: `h' float specifier changed to `ht'.

[11]
File: images/salt_pepper_noise.jpg Graphic file (type jpg)
 <use images/salt_pepper_noise.jpg>
Package pdftex.def Info: images/salt_pepper_noise.jpg used on input line 219.
(pdftex.def)             Requested size: 170.71393pt x 170.7119pt.

<images/salt_pepper_gaussian_55.jpg, id=88, 407.15492pt x 407.15492pt>
File: images/salt_pepper_gaussian_55.jpg Graphic file (type jpg)

<use images/salt_pepper_gaussian_55.jpg>
Package pdftex.def Info: images/salt_pepper_gaussian_55.jpg used on input line 
220.
(pdftex.def)             Requested size: 170.71393pt x 170.71811pt.
 Excluding 'comment' comment.
<images/gaussian_wiener_noise.jpg, id=89, 407.15492pt x 407.15492pt>
File: images/gaussian_wiener_noise.jpg Graphic file (type jpg)

<use images/gaussian_wiener_noise.jpg>
Package pdftex.def Info: images/gaussian_wiener_noise.jpg used on input line 24
4.
(pdftex.def)             Requested size: 170.71393pt x 170.71811pt.

<images/gaussian_wiener_denoise.jpg, id=90, 407.15492pt x 407.15492pt>
File: images/gaussian_wiener_denoise.jpg Graphic file (type jpg)

<use images/gaussian_wiener_denoise.jpg>
Package pdftex.def Info: images/gaussian_wiener_denoise.jpg used on input line 
245.
(pdftex.def)             Requested size: 170.71393pt x 170.71811pt.
 [12 <./images/salt_pepper_average_33.jpg> <./images/salt_pepper_average_55.jpg
>]) [13] [14 <./images/salt_pepper_gaussian_55.jpg> <./images/gaussian_wiener_n
oise.jpg> <./images/gaussian_wiener_denoise.jpg>] (Results.tex
Chapter 4.
[15



]

LaTeX Warning: Reference `fig:example' on page 16 undefined on input line 32.

<images/example-construction.jpg, id=104, 1204.5pt x 803.0pt>
File: images/example-construction.jpg Graphic file (type jpg)

<use images/example-construction.jpg>
Package pdftex.def Info: images/example-construction.jpg used on input line 37.

(pdftex.def)             Requested size: 102.43227pt x 68.28473pt.

<images/example-rubbish.jpg, id=105, 1204.5pt x 803.0pt>
File: images/example-rubbish.jpg Graphic file (type jpg)

<use images/example-rubbish.jpg>
Package pdftex.def Info: images/example-rubbish.jpg used on input line 38.
(pdftex.def)             Requested size: 102.43227pt x 68.28473pt.

<images/example-pagoda.jpg, id=106, 1204.5pt x 803.0pt>
File: images/example-pagoda.jpg Graphic file (type jpg)

<use images/example-pagoda.jpg>
Package pdftex.def Info: images/example-pagoda.jpg used on input line 39.
(pdftex.def)             Requested size: 102.43227pt x 68.28473pt.

<images/example-pond.jpg, id=107, 1204.5pt x 803.0pt>
File: images/example-pond.jpg Graphic file (type jpg)

<use images/example-pond.jpg>
Package pdftex.def Info: images/example-pond.jpg used on input line 40.
(pdftex.def)             Requested size: 102.43227pt x 68.28473pt.
 [16 <./images/example-construction.jpg> <./images/example-rubbish.jpg> <./imag
es/example-pagoda.jpg> <./images/example-pond.jpg>] <images/construction1.jpg, 
id=111, 142.28156pt x 190.46156pt>
File: images/construction1.jpg Graphic file (type jpg)

<use images/construction1.jpg>
Package pdftex.def Info: images/construction1.jpg used on input line 65.
(pdftex.def)             Requested size: 76.8193pt x 102.83607pt.

<images/construction2.jpg, id=112, 142.28156pt x 189.70876pt>
File: images/construction2.jpg Graphic file (type jpg)

<use images/construction2.jpg>
Package pdftex.def Info: images/construction2.jpg used on input line 66.
(pdftex.def)             Requested size: 76.8193pt x 102.42961pt.

<images/construction3.jpg, id=113, 142.28156pt x 189.70876pt>
File: images/construction3.jpg Graphic file (type jpg)

<use images/construction3.jpg>
Package pdftex.def Info: images/construction3.jpg used on input line 67.
(pdftex.def)             Requested size: 76.8193pt x 102.42961pt.

<images/construction4.jpg, id=114, 142.28156pt x 189.70876pt>
File: images/construction4.jpg Graphic file (type jpg)

<use images/construction4.jpg>
Package pdftex.def Info: images/construction4.jpg used on input line 68.
(pdftex.def)             Requested size: 76.8193pt x 102.42961pt.

<images/construction5.jpg, id=115, 142.28156pt x 106.89937pt>
File: images/construction5.jpg Graphic file (type jpg)

<use images/construction5.jpg>
Package pdftex.def Info: images/construction5.jpg used on input line 69.
(pdftex.def)             Requested size: 76.8193pt x 57.71826pt.


Package caption Warning: \captionsetup{type*=...} or \captionof
(caption)                outside box or environment on input line 74.
See the caption package documentation for explanation.

<images/Construction.png, id=116, 529.98pt x 222.8325pt>
File: images/Construction.png Graphic file (type png)

<use images/Construction.png>
Package pdftex.def Info: images/Construction.png used on input line 76.
(pdftex.def)             Requested size: 426.79877pt x 199.17033pt.
 [17 <./images/construction1.jpg> <./images/construction2.jpg> <./images/constr
uction3.jpg> <./images/construction4.jpg> <./images/construction5.jpg> <./image
s/Construction.png>]
<images/rubbish1.jpg, id=120, 142.28156pt x 189.70876pt>
File: images/rubbish1.jpg Graphic file (type jpg)

<use images/rubbish1.jpg>
Package pdftex.def Info: images/rubbish1.jpg used on input line 88.
(pdftex.def)             Requested size: 76.8193pt x 102.42961pt.

<images/rubbish2.jpg, id=121, 142.28156pt x 189.70876pt>
File: images/rubbish2.jpg Graphic file (type jpg)

<use images/rubbish2.jpg>
Package pdftex.def Info: images/rubbish2.jpg used on input line 89.
(pdftex.def)             Requested size: 76.8193pt x 102.42961pt.

<images/rubbish3.jpg, id=122, 142.28156pt x 106.89937pt>
File: images/rubbish3.jpg Graphic file (type jpg)

<use images/rubbish3.jpg>
Package pdftex.def Info: images/rubbish3.jpg used on input line 90.
(pdftex.def)             Requested size: 76.8193pt x 57.71826pt.

<images/rubbish4.jpg, id=123, 142.28156pt x 79.79813pt>
File: images/rubbish4.jpg Graphic file (type jpg)

<use images/rubbish4.jpg>
Package pdftex.def Info: images/rubbish4.jpg used on input line 91.
(pdftex.def)             Requested size: 76.8193pt x 43.08546pt.

<images/rubbish5.jpg, id=124, 142.28156pt x 189.70876pt>
File: images/rubbish5.jpg Graphic file (type jpg)

<use images/rubbish5.jpg>
Package pdftex.def Info: images/rubbish5.jpg used on input line 92.
(pdftex.def)             Requested size: 76.8193pt x 102.42961pt.

<images/Rubish.png, id=125, 510.40688pt x 223.58531pt>
File: images/Rubish.png Graphic file (type png)
 <use images/Rubish.png>
Package pdftex.def Info: images/Rubish.png used on input line 99.
(pdftex.def)             Requested size: 426.79134pt x 186.96768pt.

[18 <./images/rubbish1.jpg> <./images/rubbish2.jpg> <./images/rubbish3.jpg> <./
images/rubbish4.jpg> <./images/rubbish5.jpg> <./images/Rubish.png>]
<images/pagoda1.jpg, id=130, 142.28156pt x 189.70876pt>
File: images/pagoda1.jpg Graphic file (type jpg)

<use images/pagoda1.jpg>
Package pdftex.def Info: images/pagoda1.jpg used on input line 111.
(pdftex.def)             Requested size: 76.8193pt x 102.42961pt.

<images/pagoda2.jpg, id=131, 142.28156pt x 189.70876pt>
File: images/pagoda2.jpg Graphic file (type jpg)

<use images/pagoda2.jpg>
Package pdftex.def Info: images/pagoda2.jpg used on input line 112.
(pdftex.def)             Requested size: 76.8193pt x 102.42961pt.

<images/pagoda3.jpg, id=132, 142.28156pt x 189.70876pt>
File: images/pagoda3.jpg Graphic file (type jpg)

<use images/pagoda3.jpg>
Package pdftex.def Info: images/pagoda3.jpg used on input line 113.
(pdftex.def)             Requested size: 76.8193pt x 102.42961pt.

<images/pagoda4.jpg, id=133, 142.28156pt x 189.70876pt>
File: images/pagoda4.jpg Graphic file (type jpg)

<use images/pagoda4.jpg>
Package pdftex.def Info: images/pagoda4.jpg used on input line 114.
(pdftex.def)             Requested size: 76.8193pt x 102.42961pt.

<images/pagoda5.jpg, id=134, 142.28156pt x 189.70876pt>
File: images/pagoda5.jpg Graphic file (type jpg)

<use images/pagoda5.jpg>
Package pdftex.def Info: images/pagoda5.jpg used on input line 115.
(pdftex.def)             Requested size: 76.8193pt x 102.42961pt.

<images/Pagoda.png, id=135, 504.38437pt x 193.47281pt>
File: images/Pagoda.png Graphic file (type png)
 <use images/Pagoda.png>
Package pdftex.def Info: images/Pagoda.png used on input line 123.
(pdftex.def)             Requested size: 426.79134pt x 163.71167pt.

[19 <./images/pagoda1.jpg> <./images/pagoda2.jpg> <./images/pagoda3.jpg> <./ima
ges/pagoda4.jpg> <./images/pagoda5.jpg> <./images/Pagoda.png>]
<images/pond1.jpg, id=139, 142.28156pt x 106.89937pt>
File: images/pond1.jpg Graphic file (type jpg)
 <use images/pond1.jpg>
Package pdftex.def Info: images/pond1.jpg used on input line 135.
(pdftex.def)             Requested size: 76.8193pt x 57.71826pt.

<images/pond2.jpg, id=140, 142.28156pt x 189.70876pt>
File: images/pond2.jpg Graphic file (type jpg)
 <use images/pond2.jpg>
Package pdftex.def Info: images/pond2.jpg used on input line 136.
(pdftex.def)             Requested size: 76.8193pt x 102.42961pt.

<images/pond3.jpg, id=141, 142.28156pt x 189.70876pt>
File: images/pond3.jpg Graphic file (type jpg)
 <use images/pond3.jpg>
Package pdftex.def Info: images/pond3.jpg used on input line 137.
(pdftex.def)             Requested size: 76.8193pt x 102.42961pt.

<images/pond4.jpg, id=142, 142.28156pt x 189.70876pt>
File: images/pond4.jpg Graphic file (type jpg)
 <use images/pond4.jpg>
Package pdftex.def Info: images/pond4.jpg used on input line 138.
(pdftex.def)             Requested size: 76.8193pt x 102.42961pt.

<images/pond5.jpg, id=143, 142.28156pt x 189.70876pt>
File: images/pond5.jpg Graphic file (type jpg)
 <use images/pond5.jpg>
Package pdftex.def Info: images/pond5.jpg used on input line 139.
(pdftex.def)             Requested size: 76.8193pt x 102.42961pt.

<images/Pond.png, id=144, 492.33937pt x 222.8325pt>
File: images/Pond.png Graphic file (type png)
 <use images/Pond.png>
Package pdftex.def Info: images/Pond.png used on input line 147.
(pdftex.def)             Requested size: 426.79134pt x 193.17247pt.

[20 <./images/pond1.jpg> <./images/pond2.jpg> <./images/pond3.jpg> <./images/po
nd4.jpg> <./images/pond5.jpg> <./images/Pond.png>]) [21] (Conclusion.tex
Chapter 5.
) [22



] (report.bbl) [23


] (report.aux (Title.aux) (Signature.aux)
(Acknowledgements.aux) (Abstract.aux) (Introduction.aux) (StateOfTheArt.aux)
(Contribution.aux) (Results.aux) (Conclusion.aux))

LaTeX Warning: There were undefined references.

 ) 
Here is how much of TeX's memory you used:
 4408 strings out of 493698
 63400 string characters out of 3144412
 135065 words of memory out of 3000000
 7545 multiletter control sequences out of 15000+200000
 16673 words of font info for 43 fonts, out of 3000000 for 9000
 1025 hyphenation exceptions out of 8191
 36i,9n,39p,1123b,336s stack positions out of 5000i,500n,10000p,200000b,50000s
{C:/Program Files/MiKTeX 2.9/fonts/enc/dvips/cm-super/cm-super-t1.enc}<C:/Pro
gram Files/MiKTeX 2.9/fonts/type1/public/amsfonts/cm/cmex10.pfb><C:/Program Fil
es/MiKTeX 2.9/fonts/type1/public/amsfonts/cm/cmmi12.pfb><C:/Program Files/MiKTe
X 2.9/fonts/type1/public/amsfonts/cm/cmmi6.pfb><C:/Program Files/MiKTeX 2.9/fon
ts/type1/public/amsfonts/cm/cmmi8.pfb><C:/Program Files/MiKTeX 2.9/fonts/type1/
public/amsfonts/cm/cmr12.pfb><C:/Program Files/MiKTeX 2.9/fonts/type1/public/am
sfonts/cm/cmr6.pfb><C:/Program Files/MiKTeX 2.9/fonts/type1/public/amsfonts/cm/
cmr8.pfb><C:/Program Files/MiKTeX 2.9/fonts/type1/public/amsfonts/cm/cmsy10.pfb
><C:/Program Files/MiKTeX 2.9/fonts/type1/public/amsfonts/cm/cmsy6.pfb><C:/Prog
ram Files/MiKTeX 2.9/fonts/type1/public/amsfonts/cm/cmsy8.pfb><C:/Program Files
/MiKTeX 2.9/fonts/type1/public/cm-super/sfbx1200.pfb><C:/Program Files/MiKTeX 2
.9/fonts/type1/public/cm-super/sfbx1440.pfb><C:/Program Files/MiKTeX 2.9/fonts/
type1/public/cm-super/sfbx1728.pfb><C:/Program Files/MiKTeX 2.9/fonts/type1/pub
lic/cm-super/sfbx2488.pfb><C:/Program Files/MiKTeX 2.9/fonts/type1/public/cm-su
per/sfrm1200.pfb><C:/Program Files/MiKTeX 2.9/fonts/type1/public/cm-super/sfrm1
440.pfb><C:/Program Files/MiKTeX 2.9/fonts/type1/public/cm-super/sfrm1728.pfb><
C:/Program Files/MiKTeX 2.9/fonts/type1/public/cm-super/sfrm2488.pfb><C:/Progra
m Files/MiKTeX 2.9/fonts/type1/public/cm-super/sfti1200.pfb>
Output written on report.pdf (30 pages, 3611432 bytes).
PDF statistics:
 217 PDF objects out of 1000 (max. 8388607)
 0 named destinations out of 1000 (max. 500000)
 201 words of extra memory for PDF output out of 10000 (max. 10000000)

